/Users/runner/work/xion-types/xion-types/swift/Sources/XionTypesCosmos/cosmos_consensus_v1_tx.pb.swift:79:31: error: cannot find type 'Tendermint_Types_ValidatorParams' in scope
 77 |   fileprivate var _block: Tendermint_Types_BlockParams? = nil
 78 |   fileprivate var _evidence: Tendermint_Types_EvidenceParams? = nil
 79 |   fileprivate var _validator: Tendermint_Types_ValidatorParams? = nil
    |                               `- error: cannot find type 'Tendermint_Types_ValidatorParams' in scope
 80 |   fileprivate var _abci: Tendermint_Types_ABCIParams? = nil
 81 | }
/Users/runner/work/xion-types/xion-types/swift/Sources/XionTypesCosmos/cosmos_consensus_v1_tx.pb.swift:80:26: error: cannot find type 'Tendermint_Types_ABCIParams' in scope
 78 |   fileprivate var _evidence: Tendermint_Types_EvidenceParams? = nil
 79 |   fileprivate var _validator: Tendermint_Types_ValidatorParams? = nil
 80 |   fileprivate var _abci: Tendermint_Types_ABCIParams? = nil
    |                          `- error: cannot find type 'Tendermint_Types_ABCIParams' in scope
 81 | }
 82 | 
/Users/runner/work/xion-types/xion-types/swift/Sources/XionTypesCosmos/cosmos_consensus_v1_tx.pb.swift:116:33: error: generic parameter 'M' could not be inferred
114 |       switch fieldNumber {
115 |       case 1: try { try decoder.decodeSingularStringField(value: &self.authority) }()
116 |       case 2: try { try decoder.decodeSingularMessageField(value: &self._block) }()
    |                                 `- error: generic parameter 'M' could not be inferred
Error: Process completed with exit code 1.
